mode: atomic
github.com/ovsinc/resources-rate-limits/options.go:19.52,20.35 1 0
github.com/ovsinc/resources-rate-limits/options.go:20.35,22.4 1 0
github.com/ovsinc/resources-rate-limits/options.go:24.52,25.35 1 0
github.com/ovsinc/resources-rate-limits/options.go:25.35,27.4 1 0
github.com/ovsinc/resources-rate-limits/options.go:29.37,30.35 1 0
github.com/ovsinc/resources-rate-limits/options.go:30.35,32.4 1 0
github.com/ovsinc/resources-rate-limits/options.go:36.61,40.16 3 0
github.com/ovsinc/resources-rate-limits/options.go:44.2,45.16 2 0
github.com/ovsinc/resources-rate-limits/options.go:49.2,49.28 1 0
github.com/ovsinc/resources-rate-limits/options.go:40.16,42.3 1 0
github.com/ovsinc/resources-rate-limits/options.go:45.16,47.3 1 0
github.com/ovsinc/resources-rate-limits/options.go:52.54,55.16 3 0
github.com/ovsinc/resources-rate-limits/options.go:58.2,58.8 1 0
github.com/ovsinc/resources-rate-limits/options.go:55.16,56.13 1 0
github.com/ovsinc/resources-rate-limits/options.go:61.79,68.34 5 0
github.com/ovsinc/resources-rate-limits/options.go:72.2,72.12 1 0
github.com/ovsinc/resources-rate-limits/options.go:77.2,78.16 2 0
github.com/ovsinc/resources-rate-limits/options.go:83.2,84.16 2 0
github.com/ovsinc/resources-rate-limits/options.go:89.2,89.34 1 0
github.com/ovsinc/resources-rate-limits/options.go:68.34,70.3 1 0
github.com/ovsinc/resources-rate-limits/options.go:72.12,75.3 2 0
github.com/ovsinc/resources-rate-limits/options.go:78.16,81.3 2 0
github.com/ovsinc/resources-rate-limits/options.go:84.16,87.3 2 0
github.com/ovsinc/resources-rate-limits/options.go:92.72,95.16 3 0
github.com/ovsinc/resources-rate-limits/options.go:98.2,98.8 1 0
github.com/ovsinc/resources-rate-limits/options.go:95.16,96.13 1 0
github.com/ovsinc/resources-rate-limits/rate.go:35.42,38.25 2 0
github.com/ovsinc/resources-rate-limits/rate.go:42.2,45.44 2 0
github.com/ovsinc/resources-rate-limits/rate.go:52.2,52.17 1 0
github.com/ovsinc/resources-rate-limits/rate.go:38.25,40.3 1 0
github.com/ovsinc/resources-rate-limits/rate.go:45.44,47.17 2 0
github.com/ovsinc/resources-rate-limits/rate.go:47.17,49.4 1 0
github.com/ovsinc/resources-rate-limits/rate.go:55.37,57.16 2 0
github.com/ovsinc/resources-rate-limits/rate.go:60.2,60.10 1 0
github.com/ovsinc/resources-rate-limits/rate.go:57.16,59.3 1 0
github.com/ovsinc/resources-rate-limits/rate.go:63.45,68.22 2 0
github.com/ovsinc/resources-rate-limits/rate.go:72.2,72.22 1 0
github.com/ovsinc/resources-rate-limits/rate.go:76.2,76.13 1 0
github.com/ovsinc/resources-rate-limits/rate.go:68.22,70.3 1 0
github.com/ovsinc/resources-rate-limits/rate.go:72.22,74.3 1 0
github.com/ovsinc/resources-rate-limits/rate.go:79.54,81.25 2 0
github.com/ovsinc/resources-rate-limits/rate.go:84.2,84.15 1 0
github.com/ovsinc/resources-rate-limits/rate.go:81.25,83.3 1 0
github.com/ovsinc/resources-rate-limits/auto.go:17.70,19.11 2 0
github.com/ovsinc/resources-rate-limits/auto.go:33.2,33.17 1 0
github.com/ovsinc/resources-rate-limits/auto.go:20.33,21.29 1 0
github.com/ovsinc/resources-rate-limits/auto.go:23.34,24.30 1 0
github.com/ovsinc/resources-rate-limits/auto.go:26.34,27.30 1 0
github.com/ovsinc/resources-rate-limits/auto.go:29.10,30.39 1 0
github.com/ovsinc/resources-rate-limits/auto.go:36.70,38.11 2 0
github.com/ovsinc/resources-rate-limits/auto.go:52.2,52.17 1 0
github.com/ovsinc/resources-rate-limits/auto.go:39.33,40.29 1 0
github.com/ovsinc/resources-rate-limits/auto.go:42.34,43.30 1 0
github.com/ovsinc/resources-rate-limits/auto.go:45.34,46.30 1 0
github.com/ovsinc/resources-rate-limits/auto.go:48.10,49.39 1 0
github.com/ovsinc/resources-rate-limits/auto.go:58.35,59.19 1 0
github.com/ovsinc/resources-rate-limits/auto.go:73.2,73.16 1 0
github.com/ovsinc/resources-rate-limits/auto.go:77.2,77.17 1 0
github.com/ovsinc/resources-rate-limits/auto.go:60.33,61.42 1 0
github.com/ovsinc/resources-rate-limits/auto.go:63.34,64.43 1 0
github.com/ovsinc/resources-rate-limits/auto.go:66.34,67.43 1 0
github.com/ovsinc/resources-rate-limits/auto.go:69.10,70.39 1 0
github.com/ovsinc/resources-rate-limits/auto.go:73.16,75.3 1 0
github.com/ovsinc/resources-rate-limits/auto.go:83.35,84.19 1 0
github.com/ovsinc/resources-rate-limits/auto.go:98.2,98.16 1 0
github.com/ovsinc/resources-rate-limits/auto.go:102.2,102.17 1 0
github.com/ovsinc/resources-rate-limits/auto.go:85.33,86.42 1 0
github.com/ovsinc/resources-rate-limits/auto.go:88.34,89.43 1 0
github.com/ovsinc/resources-rate-limits/auto.go:91.34,92.43 1 0
github.com/ovsinc/resources-rate-limits/auto.go:94.10,95.39 1 0
github.com/ovsinc/resources-rate-limits/auto.go:98.16,100.3 1 0
github.com/ovsinc/resources-rate-limits/check.go:9.34,10.29 1 3
github.com/ovsinc/resources-rate-limits/check.go:15.2,15.13 1 1
github.com/ovsinc/resources-rate-limits/check.go:10.29,11.45 1 4
github.com/ovsinc/resources-rate-limits/check.go:11.45,13.4 1 2
github.com/ovsinc/resources-rate-limits/check.go:18.41,24.9 2 1
github.com/ovsinc/resources-rate-limits/check.go:38.2,38.49 1 1
github.com/ovsinc/resources-rate-limits/check.go:25.73,27.33 2 0
github.com/ovsinc/resources-rate-limits/check.go:29.75,31.33 2 0
github.com/ovsinc/resources-rate-limits/check.go:33.75,35.33 2 1
github.com/ovsinc/resources-rate-limits/pkg/resources/cg2/mem_simple.go:13.55,15.2 1 1
github.com/ovsinc/resources-rate-limits/pkg/resources/cg2/mem_simple.go:17.56,19.16 2 1
github.com/ovsinc/resources-rate-limits/pkg/resources/cg2/mem_simple.go:22.2,25.16 3 0
github.com/ovsinc/resources-rate-limits/pkg/resources/cg2/mem_simple.go:28.2,31.16 3 0
github.com/ovsinc/resources-rate-limits/pkg/resources/cg2/mem_simple.go:34.2,36.44 2 0
github.com/ovsinc/resources-rate-limits/pkg/resources/cg2/mem_simple.go:19.16,21.3 1 1
github.com/ovsinc/resources-rate-limits/pkg/resources/cg2/mem_simple.go:25.16,27.3 1 0
github.com/ovsinc/resources-rate-limits/pkg/resources/cg2/mem_simple.go:31.16,33.3 1 0
github.com/ovsinc/resources-rate-limits/pkg/resources/cg2/mem_simple.go:39.40,41.16 2 1
github.com/ovsinc/resources-rate-limits/pkg/resources/cg2/mem_simple.go:46.2,49.10 3 0
github.com/ovsinc/resources-rate-limits/pkg/resources/cg2/mem_simple.go:41.16,44.3 2 1
github.com/ovsinc/resources-rate-limits/pkg/resources/cg2/cpu_common.go:38.69,43.38 4 12
github.com/ovsinc/resources-rate-limits/pkg/resources/cg2/cpu_common.go:47.2,48.9 2 12
github.com/ovsinc/resources-rate-limits/pkg/resources/cg2/cpu_common.go:55.2,56.16 2 9
github.com/ovsinc/resources-rate-limits/pkg/resources/cg2/cpu_common.go:60.2,60.18 1 8
github.com/ovsinc/resources-rate-limits/pkg/resources/cg2/cpu_common.go:43.38,45.3 1 0
github.com/ovsinc/resources-rate-limits/pkg/resources/cg2/cpu_common.go:49.24,50.29 1 2
github.com/ovsinc/resources-rate-limits/pkg/resources/cg2/cpu_common.go:51.49,52.32 1 1
github.com/ovsinc/resources-rate-limits/pkg/resources/cg2/cpu_common.go:56.16,58.3 1 1
github.com/ovsinc/resources-rate-limits/pkg/resources/cg2/cpu_common.go:63.75,66.66 2 19
github.com/ovsinc/resources-rate-limits/pkg/resources/cg2/cpu_common.go:70.2,72.22 2 19
github.com/ovsinc/resources-rate-limits/pkg/resources/cg2/cpu_common.go:76.2,77.16 2 12
github.com/ovsinc/resources-rate-limits/pkg/resources/cg2/cpu_common.go:81.2,82.9 2 11
github.com/ovsinc/resources-rate-limits/pkg/resources/cg2/cpu_common.go:89.2,89.25 1 10
github.com/ovsinc/resources-rate-limits/pkg/resources/cg2/cpu_common.go:66.66,68.3 1 0
github.com/ovsinc/resources-rate-limits/pkg/resources/cg2/cpu_common.go:72.22,74.3 1 7
github.com/ovsinc/resources-rate-limits/pkg/resources/cg2/cpu_common.go:77.16,79.3 1 1
github.com/ovsinc/resources-rate-limits/pkg/resources/cg2/cpu_common.go:83.36,84.15 1 9
github.com/ovsinc/resources-rate-limits/pkg/resources/cg2/cpu_common.go:85.18,86.19 1 1
github.com/ovsinc/resources-rate-limits/pkg/resources/cg2/cpu_common.go:92.85,94.16 2 13
github.com/ovsinc/resources-rate-limits/pkg/resources/cg2/cpu_common.go:98.2,99.16 2 13
github.com/ovsinc/resources-rate-limits/pkg/resources/cg2/cpu_common.go:103.2,104.16 2 8
github.com/ovsinc/resources-rate-limits/pkg/resources/cg2/cpu_common.go:108.2,109.16 2 8
github.com/ovsinc/resources-rate-limits/pkg/resources/cg2/cpu_common.go:113.2,113.25 1 7
github.com/ovsinc/resources-rate-limits/pkg/resources/cg2/cpu_common.go:94.16,96.3 1 0
github.com/ovsinc/resources-rate-limits/pkg/resources/cg2/cpu_common.go:99.16,101.3 1 5
github.com/ovsinc/resources-rate-limits/pkg/resources/cg2/cpu_common.go:104.16,106.3 1 0
github.com/ovsinc/resources-rate-limits/pkg/resources/cg2/cpu_common.go:109.16,111.3 1 1
github.com/ovsinc/resources-rate-limits/pkg/resources/cg2/cpu_lazy.go:25.37,26.14 1 4
github.com/ovsinc/resources-rate-limits/pkg/resources/cg2/cpu_lazy.go:30.2,30.17 1 3
github.com/ovsinc/resources-rate-limits/pkg/resources/cg2/cpu_lazy.go:33.2,36.19 3 2
github.com/ovsinc/resources-rate-limits/pkg/resources/cg2/cpu_lazy.go:46.2,47.18 2 2
github.com/ovsinc/resources-rate-limits/pkg/resources/cg2/cpu_lazy.go:57.2,57.16 1 2
github.com/ovsinc/resources-rate-limits/pkg/resources/cg2/cpu_lazy.go:61.2,71.17 3 1
github.com/ovsinc/resources-rate-limits/pkg/resources/cg2/cpu_lazy.go:26.14,28.3 1 1
github.com/ovsinc/resources-rate-limits/pkg/resources/cg2/cpu_lazy.go:30.17,32.3 1 1
github.com/ovsinc/resources-rate-limits/pkg/resources/cg2/cpu_lazy.go:36.19,44.3 1 1
github.com/ovsinc/resources-rate-limits/pkg/resources/cg2/cpu_lazy.go:47.18,55.3 1 1
github.com/ovsinc/resources-rate-limits/pkg/resources/cg2/cpu_lazy.go:57.16,59.3 1 1
github.com/ovsinc/resources-rate-limits/pkg/resources/cg2/cpu_lazy.go:74.38,76.2 1 4
github.com/ovsinc/resources-rate-limits/pkg/resources/cg2/cpu_lazy.go:78.69,80.2 1 13
github.com/ovsinc/resources-rate-limits/pkg/resources/cg2/cpu_lazy.go:82.30,85.18 2 4
github.com/ovsinc/resources-rate-limits/pkg/resources/cg2/cpu_lazy.go:102.2,104.12 2 4
github.com/ovsinc/resources-rate-limits/pkg/resources/cg2/cpu_lazy.go:85.18,87.17 2 10
github.com/ovsinc/resources-rate-limits/pkg/resources/cg2/cpu_lazy.go:94.3,95.15 2 6
github.com/ovsinc/resources-rate-limits/pkg/resources/cg2/cpu_lazy.go:98.3,99.58 2 6
github.com/ovsinc/resources-rate-limits/pkg/resources/cg2/cpu_lazy.go:87.17,92.4 3 4
github.com/ovsinc/resources-rate-limits/pkg/resources/cg2/cpu_lazy.go:95.15,97.4 1 6
github.com/ovsinc/resources-rate-limits/pkg/resources/cg2/cpu_lazy.go:104.12,105.7 1 4
github.com/ovsinc/resources-rate-limits/pkg/resources/cg2/cpu_lazy.go:105.7,106.11 1 10
github.com/ovsinc/resources-rate-limits/pkg/resources/cg2/cpu_lazy.go:107.19,109.11 2 2
github.com/ovsinc/resources-rate-limits/pkg/resources/cg2/cpu_lazy.go:111.18,112.12 1 6
github.com/ovsinc/resources-rate-limits/pkg/resources/cg2/cpu_simple.go:12.55,15.2 2 1
github.com/ovsinc/resources-rate-limits/pkg/resources/cg2/cpu_simple.go:17.71,19.16 2 1
github.com/ovsinc/resources-rate-limits/pkg/resources/cg2/cpu_simple.go:22.2,25.16 3 0
github.com/ovsinc/resources-rate-limits/pkg/resources/cg2/cpu_simple.go:28.2,30.34 2 0
github.com/ovsinc/resources-rate-limits/pkg/resources/cg2/cpu_simple.go:19.16,21.3 1 1
github.com/ovsinc/resources-rate-limits/pkg/resources/cg2/cpu_simple.go:25.16,27.3 1 0
github.com/ovsinc/resources-rate-limits/pkg/resources/cg2/cpu_simple.go:33.40,35.16 2 1
github.com/ovsinc/resources-rate-limits/pkg/resources/cg2/cpu_simple.go:40.2,41.14 2 0
github.com/ovsinc/resources-rate-limits/pkg/resources/cg2/cpu_simple.go:44.2,46.10 2 0
github.com/ovsinc/resources-rate-limits/pkg/resources/cg2/cpu_simple.go:35.16,38.3 2 1
github.com/ovsinc/resources-rate-limits/pkg/resources/cg2/cpu_simple.go:41.14,43.3 1 0
github.com/ovsinc/resources-rate-limits/pkg/resources/cg2/mem_common.go:23.79,25.16 2 10
github.com/ovsinc/resources-rate-limits/pkg/resources/cg2/mem_common.go:29.2,30.16 2 10
github.com/ovsinc/resources-rate-limits/pkg/resources/cg2/mem_common.go:34.2,37.9 3 10
github.com/ovsinc/resources-rate-limits/pkg/resources/cg2/mem_common.go:48.2,49.16 2 8
github.com/ovsinc/resources-rate-limits/pkg/resources/cg2/mem_common.go:53.2,53.25 1 7
github.com/ovsinc/resources-rate-limits/pkg/resources/cg2/mem_common.go:25.16,27.3 1 0
github.com/ovsinc/resources-rate-limits/pkg/resources/cg2/mem_common.go:30.16,32.3 1 0
github.com/ovsinc/resources-rate-limits/pkg/resources/cg2/mem_common.go:38.36,40.17 2 2
github.com/ovsinc/resources-rate-limits/pkg/resources/cg2/mem_common.go:43.3,43.23 1 2
github.com/ovsinc/resources-rate-limits/pkg/resources/cg2/mem_common.go:44.18,45.19 1 2
github.com/ovsinc/resources-rate-limits/pkg/resources/cg2/mem_common.go:40.17,42.4 1 0
github.com/ovsinc/resources-rate-limits/pkg/resources/cg2/mem_common.go:49.16,51.3 1 1
github.com/ovsinc/resources-rate-limits/pkg/resources/cg2/mem_lazy.go:27.37,28.14 1 4
github.com/ovsinc/resources-rate-limits/pkg/resources/cg2/mem_lazy.go:32.2,32.17 1 3
github.com/ovsinc/resources-rate-limits/pkg/resources/cg2/mem_lazy.go:36.2,39.19 3 2
github.com/ovsinc/resources-rate-limits/pkg/resources/cg2/mem_lazy.go:49.2,50.18 2 2
github.com/ovsinc/resources-rate-limits/pkg/resources/cg2/mem_lazy.go:60.2,61.21 2 2
github.com/ovsinc/resources-rate-limits/pkg/resources/cg2/mem_lazy.go:71.2,71.16 1 2
github.com/ovsinc/resources-rate-limits/pkg/resources/cg2/mem_lazy.go:75.2,86.17 3 1
github.com/ovsinc/resources-rate-limits/pkg/resources/cg2/mem_lazy.go:28.14,30.3 1 1
github.com/ovsinc/resources-rate-limits/pkg/resources/cg2/mem_lazy.go:32.17,34.3 1 1
github.com/ovsinc/resources-rate-limits/pkg/resources/cg2/mem_lazy.go:39.19,47.3 1 1
github.com/ovsinc/resources-rate-limits/pkg/resources/cg2/mem_lazy.go:50.18,58.3 1 1
github.com/ovsinc/resources-rate-limits/pkg/resources/cg2/mem_lazy.go:61.21,69.3 1 1
github.com/ovsinc/resources-rate-limits/pkg/resources/cg2/mem_lazy.go:71.16,73.3 1 1
github.com/ovsinc/resources-rate-limits/pkg/resources/cg2/mem_lazy.go:89.38,91.2 1 3
github.com/ovsinc/resources-rate-limits/pkg/resources/cg2/mem_lazy.go:93.54,95.2 1 10
github.com/ovsinc/resources-rate-limits/pkg/resources/cg2/mem_lazy.go:97.30,100.18 2 4
github.com/ovsinc/resources-rate-limits/pkg/resources/cg2/mem_lazy.go:113.2,115.12 2 4
github.com/ovsinc/resources-rate-limits/pkg/resources/cg2/mem_lazy.go:100.18,102.17 2 6
github.com/ovsinc/resources-rate-limits/pkg/resources/cg2/mem_lazy.go:108.3,110.52 3 5
github.com/ovsinc/resources-rate-limits/pkg/resources/cg2/mem_lazy.go:102.17,106.4 3 1
github.com/ovsinc/resources-rate-limits/pkg/resources/cg2/mem_lazy.go:115.12,116.7 1 4
github.com/ovsinc/resources-rate-limits/pkg/resources/cg2/mem_lazy.go:116.7,117.11 1 6
github.com/ovsinc/resources-rate-limits/pkg/resources/cg2/mem_lazy.go:118.19,120.11 2 2
github.com/ovsinc/resources-rate-limits/pkg/resources/cg2/mem_lazy.go:122.18,123.12 1 2
github.com/ovsinc/resources-rate-limits/pkg/resources/common/config.go:25.79,32.2 1 2
github.com/ovsinc/resources-rate-limits/pkg/resources/common/config.go:34.47,36.2 1 2
github.com/ovsinc/resources-rate-limits/pkg/resources/common/config.go:38.40,39.22 1 3
github.com/ovsinc/resources-rate-limits/pkg/resources/common/config.go:43.2,45.33 2 2
github.com/ovsinc/resources-rate-limits/pkg/resources/common/config.go:53.2,55.12 2 2
github.com/ovsinc/resources-rate-limits/pkg/resources/common/config.go:39.22,41.3 1 1
github.com/ovsinc/resources-rate-limits/pkg/resources/common/config.go:45.33,48.15 3 4
github.com/ovsinc/resources-rate-limits/pkg/resources/common/config.go:48.15,50.4 1 2
github.com/ovsinc/resources-rate-limits/pkg/resources/common/config.go:58.60,60.2 1 2
github.com/ovsinc/resources-rate-limits/pkg/resources/common/config.go:62.34,63.23 1 2
github.com/ovsinc/resources-rate-limits/pkg/resources/common/config.go:67.2,67.26 1 2
github.com/ovsinc/resources-rate-limits/pkg/resources/common/config.go:73.2,75.24 2 2
github.com/ovsinc/resources-rate-limits/pkg/resources/common/config.go:63.23,65.3 1 0
github.com/ovsinc/resources-rate-limits/pkg/resources/common/config.go:67.26,68.15 1 4
github.com/ovsinc/resources-rate-limits/pkg/resources/common/config.go:68.15,70.4 1 4
github.com/ovsinc/resources-rate-limits/pkg/resources/common/debug.go:15.47,16.13 1 0
github.com/ovsinc/resources-rate-limits/pkg/resources/common/debug.go:16.13,18.3 1 0
github.com/ovsinc/resources-rate-limits/pkg/resources/common/debug.go:27.45,29.2 1 0
github.com/ovsinc/resources-rate-limits/pkg/resources/common/debug.go:31.90,33.2 1 0
github.com/ovsinc/resources-rate-limits/pkg/resources/common/debug.go:35.69,37.2 1 0
github.com/ovsinc/resources-rate-limits/pkg/resources/os/cpu_lazy.go:24.37,25.14 1 4
github.com/ovsinc/resources-rate-limits/pkg/resources/os/cpu_lazy.go:29.2,29.17 1 3
github.com/ovsinc/resources-rate-limits/pkg/resources/os/cpu_lazy.go:33.2,34.14 2 2
github.com/ovsinc/resources-rate-limits/pkg/resources/os/cpu_lazy.go:42.2,51.17 3 1
github.com/ovsinc/resources-rate-limits/pkg/resources/os/cpu_lazy.go:25.14,27.3 1 1
github.com/ovsinc/resources-rate-limits/pkg/resources/os/cpu_lazy.go:29.17,31.3 1 1
github.com/ovsinc/resources-rate-limits/pkg/resources/os/cpu_lazy.go:34.14,40.3 1 1
github.com/ovsinc/resources-rate-limits/pkg/resources/os/cpu_lazy.go:54.38,56.2 1 4
github.com/ovsinc/resources-rate-limits/pkg/resources/os/cpu_lazy.go:58.69,60.2 1 15
github.com/ovsinc/resources-rate-limits/pkg/resources/os/cpu_lazy.go:62.30,68.18 2 4
github.com/ovsinc/resources-rate-limits/pkg/resources/os/cpu_lazy.go:87.2,91.12 3 4
github.com/ovsinc/resources-rate-limits/pkg/resources/os/cpu_lazy.go:68.18,70.17 2 12
github.com/ovsinc/resources-rate-limits/pkg/resources/os/cpu_lazy.go:77.3,77.20 1 7
github.com/ovsinc/resources-rate-limits/pkg/resources/os/cpu_lazy.go:83.3,84.20 2 7
github.com/ovsinc/resources-rate-limits/pkg/resources/os/cpu_lazy.go:70.17,74.4 3 5
github.com/ovsinc/resources-rate-limits/pkg/resources/os/cpu_lazy.go:77.20,81.4 3 4
github.com/ovsinc/resources-rate-limits/pkg/resources/os/cpu_lazy.go:91.12,92.7 1 4
github.com/ovsinc/resources-rate-limits/pkg/resources/os/cpu_lazy.go:92.7,93.11 1 12
github.com/ovsinc/resources-rate-limits/pkg/resources/os/cpu_lazy.go:94.20,96.11 2 2
github.com/ovsinc/resources-rate-limits/pkg/resources/os/cpu_lazy.go:98.18,99.12 1 8
github.com/ovsinc/resources-rate-limits/pkg/resources/os/cpu_simple.go:16.55,22.16 3 1
github.com/ovsinc/resources-rate-limits/pkg/resources/os/cpu_simple.go:26.2,26.17 1 1
github.com/ovsinc/resources-rate-limits/pkg/resources/os/cpu_simple.go:22.16,24.3 1 0
github.com/ovsinc/resources-rate-limits/pkg/resources/os/cpu_simple.go:29.40,31.16 2 1
github.com/ovsinc/resources-rate-limits/pkg/resources/os/cpu_simple.go:36.2,45.16 7 1
github.com/ovsinc/resources-rate-limits/pkg/resources/os/cpu_simple.go:31.16,34.3 2 0
github.com/ovsinc/resources-rate-limits/pkg/resources/os/cpu_simple.go:48.71,50.16 2 2
github.com/ovsinc/resources-rate-limits/pkg/resources/os/cpu_simple.go:53.2,55.22 2 2
github.com/ovsinc/resources-rate-limits/pkg/resources/os/cpu_simple.go:50.16,52.3 1 0
github.com/ovsinc/resources-rate-limits/pkg/resources/os/cpu_simple.go:58.38,60.16 2 1
github.com/ovsinc/resources-rate-limits/pkg/resources/os/cpu_simple.go:64.2,67.12 3 1
github.com/ovsinc/resources-rate-limits/pkg/resources/os/cpu_simple.go:60.16,62.3 1 0
github.com/ovsinc/resources-rate-limits/pkg/resources/os/mem_common.go:75.58,77.16 2 13
github.com/ovsinc/resources-rate-limits/pkg/resources/os/mem_common.go:81.2,91.21 3 13
github.com/ovsinc/resources-rate-limits/pkg/resources/os/mem_common.go:145.2,145.16 1 13
github.com/ovsinc/resources-rate-limits/pkg/resources/os/mem_common.go:149.2,152.25 2 7
github.com/ovsinc/resources-rate-limits/pkg/resources/os/mem_common.go:77.16,79.3 1 0
github.com/ovsinc/resources-rate-limits/pkg/resources/os/mem_common.go:91.21,93.23 2 168
github.com/ovsinc/resources-rate-limits/pkg/resources/os/mem_common.go:97.3,103.10 3 168
github.com/ovsinc/resources-rate-limits/pkg/resources/os/mem_common.go:93.23,95.4 1 0
github.com/ovsinc/resources-rate-limits/pkg/resources/os/mem_common.go:104.45,106.18 2 7
github.com/ovsinc/resources-rate-limits/pkg/resources/os/mem_common.go:109.4,109.13 1 7
github.com/ovsinc/resources-rate-limits/pkg/resources/os/mem_common.go:111.44,113.18 2 7
github.com/ovsinc/resources-rate-limits/pkg/resources/os/mem_common.go:116.4,116.12 1 7
github.com/ovsinc/resources-rate-limits/pkg/resources/os/mem_common.go:118.44,120.18 2 7
github.com/ovsinc/resources-rate-limits/pkg/resources/os/mem_common.go:123.4,123.15 1 7
github.com/ovsinc/resources-rate-limits/pkg/resources/os/mem_common.go:125.43,127.18 2 7
github.com/ovsinc/resources-rate-limits/pkg/resources/os/mem_common.go:130.4,130.14 1 7
github.com/ovsinc/resources-rate-limits/pkg/resources/os/mem_common.go:132.49,134.18 2 7
github.com/ovsinc/resources-rate-limits/pkg/resources/os/mem_common.go:137.4,139.65 2 7
github.com/ovsinc/resources-rate-limits/pkg/resources/os/mem_common.go:106.18,108.5 1 0
github.com/ovsinc/resources-rate-limits/pkg/resources/os/mem_common.go:113.18,115.5 1 0
github.com/ovsinc/resources-rate-limits/pkg/resources/os/mem_common.go:120.18,122.5 1 0
github.com/ovsinc/resources-rate-limits/pkg/resources/os/mem_common.go:127.18,129.5 1 0
github.com/ovsinc/resources-rate-limits/pkg/resources/os/mem_common.go:134.18,136.5 1 0
github.com/ovsinc/resources-rate-limits/pkg/resources/os/mem_common.go:139.65,140.19 1 7
github.com/ovsinc/resources-rate-limits/pkg/resources/os/mem_common.go:145.16,147.3 1 6
github.com/ovsinc/resources-rate-limits/pkg/resources/os/mem_lazy.go:24.37,25.14 1 4
github.com/ovsinc/resources-rate-limits/pkg/resources/os/mem_lazy.go:29.2,29.17 1 3
github.com/ovsinc/resources-rate-limits/pkg/resources/os/mem_lazy.go:33.2,34.14 2 2
github.com/ovsinc/resources-rate-limits/pkg/resources/os/mem_lazy.go:42.2,51.17 3 1
github.com/ovsinc/resources-rate-limits/pkg/resources/os/mem_lazy.go:25.14,27.3 1 1
github.com/ovsinc/resources-rate-limits/pkg/resources/os/mem_lazy.go:29.17,31.3 1 1
github.com/ovsinc/resources-rate-limits/pkg/resources/os/mem_lazy.go:34.14,40.3 1 1
github.com/ovsinc/resources-rate-limits/pkg/resources/os/mem_lazy.go:54.38,56.2 1 4
github.com/ovsinc/resources-rate-limits/pkg/resources/os/mem_lazy.go:58.54,60.2 1 12
github.com/ovsinc/resources-rate-limits/pkg/resources/os/mem_lazy.go:62.30,63.18 1 4
github.com/ovsinc/resources-rate-limits/pkg/resources/os/mem_lazy.go:76.2,80.12 3 4
github.com/ovsinc/resources-rate-limits/pkg/resources/os/mem_lazy.go:63.18,65.17 2 8
github.com/ovsinc/resources-rate-limits/pkg/resources/os/mem_lazy.go:71.3,73.51 3 5
github.com/ovsinc/resources-rate-limits/pkg/resources/os/mem_lazy.go:65.17,69.4 3 3
github.com/ovsinc/resources-rate-limits/pkg/resources/os/mem_lazy.go:80.12,81.7 1 4
github.com/ovsinc/resources-rate-limits/pkg/resources/os/mem_lazy.go:81.7,82.11 1 8
github.com/ovsinc/resources-rate-limits/pkg/resources/os/mem_lazy.go:83.20,85.11 2 2
github.com/ovsinc/resources-rate-limits/pkg/resources/os/mem_lazy.go:87.18,88.12 1 4
github.com/ovsinc/resources-rate-limits/pkg/resources/os/mem_simple.go:12.55,14.2 1 1
github.com/ovsinc/resources-rate-limits/pkg/resources/os/mem_simple.go:16.56,18.16 2 1
github.com/ovsinc/resources-rate-limits/pkg/resources/os/mem_simple.go:21.2,24.16 3 1
github.com/ovsinc/resources-rate-limits/pkg/resources/os/mem_simple.go:28.2,28.25 1 1
github.com/ovsinc/resources-rate-limits/pkg/resources/os/mem_simple.go:18.16,20.3 1 0
github.com/ovsinc/resources-rate-limits/pkg/resources/os/mem_simple.go:24.16,26.3 1 0
github.com/ovsinc/resources-rate-limits/pkg/resources/os/mem_simple.go:31.40,33.16 2 1
github.com/ovsinc/resources-rate-limits/pkg/resources/os/mem_simple.go:38.2,41.10 3 1
github.com/ovsinc/resources-rate-limits/pkg/resources/os/mem_simple.go:33.16,36.3 2 0
github.com/ovsinc/resources-rate-limits/pkg/resources/os/cpu_common.go:47.70,49.41 2 10
github.com/ovsinc/resources-rate-limits/pkg/resources/os/cpu_common.go:53.2,54.16 2 10
github.com/ovsinc/resources-rate-limits/pkg/resources/os/cpu_common.go:57.2,58.16 2 10
github.com/ovsinc/resources-rate-limits/pkg/resources/os/cpu_common.go:61.2,62.16 2 10
github.com/ovsinc/resources-rate-limits/pkg/resources/os/cpu_common.go:65.2,66.16 2 10
github.com/ovsinc/resources-rate-limits/pkg/resources/os/cpu_common.go:69.2,70.16 2 10
github.com/ovsinc/resources-rate-limits/pkg/resources/os/cpu_common.go:73.2,74.16 2 10
github.com/ovsinc/resources-rate-limits/pkg/resources/os/cpu_common.go:77.2,78.16 2 10
github.com/ovsinc/resources-rate-limits/pkg/resources/os/cpu_common.go:82.2,84.21 2 10
github.com/ovsinc/resources-rate-limits/pkg/resources/os/cpu_common.go:90.2,90.21 1 10
github.com/ovsinc/resources-rate-limits/pkg/resources/os/cpu_common.go:96.2,96.22 1 10
github.com/ovsinc/resources-rate-limits/pkg/resources/os/cpu_common.go:103.2,108.25 3 10
github.com/ovsinc/resources-rate-limits/pkg/resources/os/cpu_common.go:49.41,51.3 1 0
github.com/ovsinc/resources-rate-limits/pkg/resources/os/cpu_common.go:54.16,56.3 1 0
github.com/ovsinc/resources-rate-limits/pkg/resources/os/cpu_common.go:58.16,60.3 1 0
github.com/ovsinc/resources-rate-limits/pkg/resources/os/cpu_common.go:62.16,64.3 1 0
github.com/ovsinc/resources-rate-limits/pkg/resources/os/cpu_common.go:66.16,68.3 1 0
github.com/ovsinc/resources-rate-limits/pkg/resources/os/cpu_common.go:70.16,72.3 1 0
github.com/ovsinc/resources-rate-limits/pkg/resources/os/cpu_common.go:74.16,76.3 1 0
github.com/ovsinc/resources-rate-limits/pkg/resources/os/cpu_common.go:78.16,80.3 1 0
github.com/ovsinc/resources-rate-limits/pkg/resources/os/cpu_common.go:84.21,86.17 2 10
github.com/ovsinc/resources-rate-limits/pkg/resources/os/cpu_common.go:86.17,88.4 1 0
github.com/ovsinc/resources-rate-limits/pkg/resources/os/cpu_common.go:90.21,92.17 2 10
github.com/ovsinc/resources-rate-limits/pkg/resources/os/cpu_common.go:92.17,94.4 1 0
github.com/ovsinc/resources-rate-limits/pkg/resources/os/cpu_common.go:96.22,98.17 2 10
github.com/ovsinc/resources-rate-limits/pkg/resources/os/cpu_common.go:98.17,100.4 1 0
github.com/ovsinc/resources-rate-limits/pkg/resources/os/cpu_common.go:111.73,113.16 2 17
github.com/ovsinc/resources-rate-limits/pkg/resources/os/cpu_common.go:117.2,120.21 3 17
github.com/ovsinc/resources-rate-limits/pkg/resources/os/cpu_common.go:127.2,127.38 1 7
github.com/ovsinc/resources-rate-limits/pkg/resources/os/cpu_common.go:131.2,131.26 1 6
github.com/ovsinc/resources-rate-limits/pkg/resources/os/cpu_common.go:113.16,115.3 1 0
github.com/ovsinc/resources-rate-limits/pkg/resources/os/cpu_common.go:120.21,122.43 2 10
github.com/ovsinc/resources-rate-limits/pkg/resources/os/cpu_common.go:122.43,124.4 1 10
github.com/ovsinc/resources-rate-limits/pkg/resources/os/cpu_common.go:127.38,129.3 1 1
github.com/ovsinc/resources-rate-limits/pkg/resources/cg1/common.go:9.48,11.16 2 32
github.com/ovsinc/resources-rate-limits/pkg/resources/cg1/common.go:14.2,14.31 1 32
github.com/ovsinc/resources-rate-limits/pkg/resources/cg1/common.go:11.16,13.3 1 0
github.com/ovsinc/resources-rate-limits/pkg/resources/cg1/cpu_lazy.go:25.37,26.14 1 2
github.com/ovsinc/resources-rate-limits/pkg/resources/cg1/cpu_lazy.go:30.2,30.17 1 2
github.com/ovsinc/resources-rate-limits/pkg/resources/cg1/cpu_lazy.go:34.2,37.19 3 2
github.com/ovsinc/resources-rate-limits/pkg/resources/cg1/cpu_lazy.go:47.2,48.18 2 2
github.com/ovsinc/resources-rate-limits/pkg/resources/cg1/cpu_lazy.go:58.2,58.16 1 2
github.com/ovsinc/resources-rate-limits/pkg/resources/cg1/cpu_lazy.go:62.2,72.17 3 1
github.com/ovsinc/resources-rate-limits/pkg/resources/cg1/cpu_lazy.go:26.14,28.3 1 0
github.com/ovsinc/resources-rate-limits/pkg/resources/cg1/cpu_lazy.go:30.17,32.3 1 0
github.com/ovsinc/resources-rate-limits/pkg/resources/cg1/cpu_lazy.go:37.19,45.3 1 1
github.com/ovsinc/resources-rate-limits/pkg/resources/cg1/cpu_lazy.go:48.18,56.3 1 1
github.com/ovsinc/resources-rate-limits/pkg/resources/cg1/cpu_lazy.go:58.16,60.3 1 1
github.com/ovsinc/resources-rate-limits/pkg/resources/cg1/cpu_lazy.go:75.38,77.2 1 4
github.com/ovsinc/resources-rate-limits/pkg/resources/cg1/cpu_lazy.go:79.69,81.16 2 11
github.com/ovsinc/resources-rate-limits/pkg/resources/cg1/cpu_lazy.go:85.2,86.16 2 11
github.com/ovsinc/resources-rate-limits/pkg/resources/cg1/cpu_lazy.go:90.2,91.16 2 11
github.com/ovsinc/resources-rate-limits/pkg/resources/cg1/cpu_lazy.go:95.2,96.16 2 5
github.com/ovsinc/resources-rate-limits/pkg/resources/cg1/cpu_lazy.go:100.2,100.25 1 4
github.com/ovsinc/resources-rate-limits/pkg/resources/cg1/cpu_lazy.go:81.16,83.3 1 0
github.com/ovsinc/resources-rate-limits/pkg/resources/cg1/cpu_lazy.go:86.16,88.3 1 0
github.com/ovsinc/resources-rate-limits/pkg/resources/cg1/cpu_lazy.go:91.16,93.3 1 6
github.com/ovsinc/resources-rate-limits/pkg/resources/cg1/cpu_lazy.go:96.16,98.3 1 1
github.com/ovsinc/resources-rate-limits/pkg/resources/cg1/cpu_lazy.go:103.30,106.18 2 4
github.com/ovsinc/resources-rate-limits/pkg/resources/cg1/cpu_lazy.go:123.2,125.12 2 4
github.com/ovsinc/resources-rate-limits/pkg/resources/cg1/cpu_lazy.go:106.18,108.17 2 6
github.com/ovsinc/resources-rate-limits/pkg/resources/cg1/cpu_lazy.go:115.3,116.15 2 2
github.com/ovsinc/resources-rate-limits/pkg/resources/cg1/cpu_lazy.go:119.3,120.58 2 2
github.com/ovsinc/resources-rate-limits/pkg/resources/cg1/cpu_lazy.go:108.17,113.4 3 4
github.com/ovsinc/resources-rate-limits/pkg/resources/cg1/cpu_lazy.go:116.15,118.4 1 2
github.com/ovsinc/resources-rate-limits/pkg/resources/cg1/cpu_lazy.go:125.12,126.7 1 4
github.com/ovsinc/resources-rate-limits/pkg/resources/cg1/cpu_lazy.go:126.7,127.11 1 6
github.com/ovsinc/resources-rate-limits/pkg/resources/cg1/cpu_lazy.go:128.19,130.11 2 2
github.com/ovsinc/resources-rate-limits/pkg/resources/cg1/cpu_lazy.go:132.18,133.12 1 2
github.com/ovsinc/resources-rate-limits/pkg/resources/cg1/cpu_simple.go:12.55,15.2 2 1
github.com/ovsinc/resources-rate-limits/pkg/resources/cg1/cpu_simple.go:17.72,19.16 2 1
github.com/ovsinc/resources-rate-limits/pkg/resources/cg1/cpu_simple.go:22.2,25.16 3 0
github.com/ovsinc/resources-rate-limits/pkg/resources/cg1/cpu_simple.go:28.2,31.16 3 0
github.com/ovsinc/resources-rate-limits/pkg/resources/cg1/cpu_simple.go:35.2,36.16 2 0
github.com/ovsinc/resources-rate-limits/pkg/resources/cg1/cpu_simple.go:40.2,40.25 1 0
github.com/ovsinc/resources-rate-limits/pkg/resources/cg1/cpu_simple.go:19.16,21.3 1 1
github.com/ovsinc/resources-rate-limits/pkg/resources/cg1/cpu_simple.go:25.16,27.3 1 0
github.com/ovsinc/resources-rate-limits/pkg/resources/cg1/cpu_simple.go:31.16,33.3 1 0
github.com/ovsinc/resources-rate-limits/pkg/resources/cg1/cpu_simple.go:36.16,38.3 1 0
github.com/ovsinc/resources-rate-limits/pkg/resources/cg1/cpu_simple.go:43.40,45.16 2 1
github.com/ovsinc/resources-rate-limits/pkg/resources/cg1/cpu_simple.go:50.2,51.14 2 0
github.com/ovsinc/resources-rate-limits/pkg/resources/cg1/cpu_simple.go:54.2,56.10 2 0
github.com/ovsinc/resources-rate-limits/pkg/resources/cg1/cpu_simple.go:45.16,48.3 2 1
github.com/ovsinc/resources-rate-limits/pkg/resources/cg1/cpu_simple.go:51.14,53.3 1 0
github.com/ovsinc/resources-rate-limits/pkg/resources/cg1/mem_lazy.go:26.37,27.14 1 4
github.com/ovsinc/resources-rate-limits/pkg/resources/cg1/mem_lazy.go:31.2,31.17 1 3
github.com/ovsinc/resources-rate-limits/pkg/resources/cg1/mem_lazy.go:35.2,38.19 3 2
github.com/ovsinc/resources-rate-limits/pkg/resources/cg1/mem_lazy.go:48.2,49.18 2 2
github.com/ovsinc/resources-rate-limits/pkg/resources/cg1/mem_lazy.go:59.2,59.16 1 2
github.com/ovsinc/resources-rate-limits/pkg/resources/cg1/mem_lazy.go:63.2,73.17 3 1
github.com/ovsinc/resources-rate-limits/pkg/resources/cg1/mem_lazy.go:27.14,29.3 1 1
github.com/ovsinc/resources-rate-limits/pkg/resources/cg1/mem_lazy.go:31.17,33.3 1 1
github.com/ovsinc/resources-rate-limits/pkg/resources/cg1/mem_lazy.go:38.19,46.3 1 1
github.com/ovsinc/resources-rate-limits/pkg/resources/cg1/mem_lazy.go:49.18,57.3 1 1
github.com/ovsinc/resources-rate-limits/pkg/resources/cg1/mem_lazy.go:59.16,61.3 1 1
github.com/ovsinc/resources-rate-limits/pkg/resources/cg1/mem_lazy.go:76.38,78.2 1 4
github.com/ovsinc/resources-rate-limits/pkg/resources/cg1/mem_lazy.go:80.62,82.16 2 10
github.com/ovsinc/resources-rate-limits/pkg/resources/cg1/mem_lazy.go:86.2,87.16 2 10
github.com/ovsinc/resources-rate-limits/pkg/resources/cg1/mem_lazy.go:91.2,92.16 2 10
github.com/ovsinc/resources-rate-limits/pkg/resources/cg1/mem_lazy.go:96.2,97.16 2 6
github.com/ovsinc/resources-rate-limits/pkg/resources/cg1/mem_lazy.go:101.2,101.25 1 5
github.com/ovsinc/resources-rate-limits/pkg/resources/cg1/mem_lazy.go:82.16,84.3 1 0
github.com/ovsinc/resources-rate-limits/pkg/resources/cg1/mem_lazy.go:87.16,89.3 1 0
github.com/ovsinc/resources-rate-limits/pkg/resources/cg1/mem_lazy.go:92.16,94.3 1 4
github.com/ovsinc/resources-rate-limits/pkg/resources/cg1/mem_lazy.go:97.16,99.3 1 1
github.com/ovsinc/resources-rate-limits/pkg/resources/cg1/mem_lazy.go:104.30,107.18 2 5
github.com/ovsinc/resources-rate-limits/pkg/resources/cg1/mem_lazy.go:120.2,122.12 2 5
github.com/ovsinc/resources-rate-limits/pkg/resources/cg1/mem_lazy.go:107.18,109.17 2 6
github.com/ovsinc/resources-rate-limits/pkg/resources/cg1/mem_lazy.go:115.3,117.52 3 3
github.com/ovsinc/resources-rate-limits/pkg/resources/cg1/mem_lazy.go:109.17,113.4 3 3
github.com/ovsinc/resources-rate-limits/pkg/resources/cg1/mem_lazy.go:122.12,123.7 1 5
github.com/ovsinc/resources-rate-limits/pkg/resources/cg1/mem_lazy.go:123.7,124.11 1 6
github.com/ovsinc/resources-rate-limits/pkg/resources/cg1/mem_lazy.go:125.19,127.11 2 3
github.com/ovsinc/resources-rate-limits/pkg/resources/cg1/mem_lazy.go:129.18,130.12 1 1
github.com/ovsinc/resources-rate-limits/pkg/resources/cg1/mem_simple.go:12.55,14.2 1 1
github.com/ovsinc/resources-rate-limits/pkg/resources/cg1/mem_simple.go:16.57,18.16 2 1
github.com/ovsinc/resources-rate-limits/pkg/resources/cg1/mem_simple.go:21.2,24.16 3 0
github.com/ovsinc/resources-rate-limits/pkg/resources/cg1/mem_simple.go:27.2,30.16 3 0
github.com/ovsinc/resources-rate-limits/pkg/resources/cg1/mem_simple.go:34.2,35.16 2 0
github.com/ovsinc/resources-rate-limits/pkg/resources/cg1/mem_simple.go:39.2,39.25 1 0
github.com/ovsinc/resources-rate-limits/pkg/resources/cg1/mem_simple.go:18.16,20.3 1 1
github.com/ovsinc/resources-rate-limits/pkg/resources/cg1/mem_simple.go:24.16,26.3 1 0
github.com/ovsinc/resources-rate-limits/pkg/resources/cg1/mem_simple.go:30.16,32.3 1 0
github.com/ovsinc/resources-rate-limits/pkg/resources/cg1/mem_simple.go:35.16,37.3 1 0
github.com/ovsinc/resources-rate-limits/pkg/resources/cg1/mem_simple.go:42.41,44.16 2 1
github.com/ovsinc/resources-rate-limits/pkg/resources/cg1/mem_simple.go:49.2,52.10 3 0
github.com/ovsinc/resources-rate-limits/pkg/resources/cg1/mem_simple.go:44.16,47.3 2 1
github.com/ovsinc/resources-rate-limits/pkg/middlewares/fiber/fiber_rate.go:10.53,12.24 2 2
github.com/ovsinc/resources-rate-limits/pkg/middlewares/fiber/fiber_rate.go:17.2,20.21 3 2
github.com/ovsinc/resources-rate-limits/pkg/middlewares/fiber/fiber_rate.go:26.2,26.37 1 2
github.com/ovsinc/resources-rate-limits/pkg/middlewares/fiber/fiber_rate.go:12.24,14.3 1 2
github.com/ovsinc/resources-rate-limits/pkg/middlewares/fiber/fiber_rate.go:20.21,24.3 1 0
github.com/ovsinc/resources-rate-limits/pkg/middlewares/fiber/fiber_rate.go:26.37,27.49 1 0
github.com/ovsinc/resources-rate-limits/pkg/middlewares/fiber/fiber_rate.go:31.3,33.10 2 0
github.com/ovsinc/resources-rate-limits/pkg/middlewares/fiber/fiber_rate.go:62.3,62.30 1 0
github.com/ovsinc/resources-rate-limits/pkg/middlewares/fiber/fiber_rate.go:71.3,71.18 1 0
github.com/ovsinc/resources-rate-limits/pkg/middlewares/fiber/fiber_rate.go:27.49,29.4 1 0
github.com/ovsinc/resources-rate-limits/pkg/middlewares/fiber/fiber_rate.go:34.20,35.80 1 0
github.com/ovsinc/resources-rate-limits/pkg/middlewares/fiber/fiber_rate.go:37.46,38.84 1 0
github.com/ovsinc/resources-rate-limits/pkg/middlewares/fiber/fiber_rate.go:40.80,41.78 1 0
github.com/ovsinc/resources-rate-limits/pkg/middlewares/fiber/fiber_rate.go:43.39,44.77 1 0
github.com/ovsinc/resources-rate-limits/pkg/middlewares/fiber/fiber_rate.go:47.69,48.31 1 0
github.com/ovsinc/resources-rate-limits/pkg/middlewares/fiber/fiber_rate.go:57.4,57.37 1 0
github.com/ovsinc/resources-rate-limits/pkg/middlewares/fiber/fiber_rate.go:48.31,56.5 1 0
github.com/ovsinc/resources-rate-limits/pkg/middlewares/fiber/fiber_rate.go:57.37,59.5 1 0
github.com/ovsinc/resources-rate-limits/pkg/middlewares/fiber/fiber_rate.go:62.30,63.23 1 0
github.com/ovsinc/resources-rate-limits/pkg/middlewares/fiber/fiber_rate.go:63.23,68.5 1 0
github.com/ovsinc/resources-rate-limits/pkg/middlewares/fiber/fiber_confg.go:28.69,40.3 3 0
github.com/ovsinc/resources-rate-limits/pkg/middlewares/fiber/fiber_confg.go:44.73,56.24 4 0
github.com/ovsinc/resources-rate-limits/pkg/middlewares/fiber/fiber_confg.go:59.3,61.50 2 0
github.com/ovsinc/resources-rate-limits/pkg/middlewares/fiber/fiber_confg.go:56.24,58.4 1 0
github.com/ovsinc/resources-rate-limits/pkg/middlewares/fiber/fiber_confg.go:65.56,66.20 1 2
github.com/ovsinc/resources-rate-limits/pkg/middlewares/fiber/fiber_confg.go:69.2,69.16 1 1
github.com/ovsinc/resources-rate-limits/pkg/middlewares/fiber/fiber_confg.go:66.20,68.3 1 1
github.com/ovsinc/resources-rate-limits/pkg/middlewares/fiber/fiber_confg.go:72.39,73.43 1 2
github.com/ovsinc/resources-rate-limits/pkg/middlewares/fiber/fiber_confg.go:77.2,77.46 1 2
github.com/ovsinc/resources-rate-limits/pkg/middlewares/fiber/fiber_confg.go:81.2,81.27 1 2
github.com/ovsinc/resources-rate-limits/pkg/middlewares/fiber/fiber_confg.go:85.2,85.29 1 2
github.com/ovsinc/resources-rate-limits/pkg/middlewares/fiber/fiber_confg.go:92.2,92.12 1 2
github.com/ovsinc/resources-rate-limits/pkg/middlewares/fiber/fiber_confg.go:73.43,75.3 1 2
github.com/ovsinc/resources-rate-limits/pkg/middlewares/fiber/fiber_confg.go:77.46,79.3 1 1
github.com/ovsinc/resources-rate-limits/pkg/middlewares/fiber/fiber_confg.go:81.27,83.3 1 2
github.com/ovsinc/resources-rate-limits/pkg/middlewares/fiber/fiber_confg.go:85.29,87.3 1 2
github.com/ovsinc/resources-rate-limits/pkg/middlewares/fiber/fiber_confg.go:103.55,104.31 1 1
github.com/ovsinc/resources-rate-limits/pkg/middlewares/fiber/fiber_confg.go:104.31,106.4 1 1
github.com/ovsinc/resources-rate-limits/pkg/middlewares/fiber/fiber_confg.go:108.47,109.31 1 1
github.com/ovsinc/resources-rate-limits/pkg/middlewares/fiber/fiber_confg.go:109.31,111.4 1 1
